
ROM used: 131 (2%)
          131 (2%) including unused fragments

          0 Average locations per line
          7 Average locations per statement

RAM used: 22 (6%) at main() level
          22 (6%) worst case

Stack used: 1 worst case (out of 8 total available)

Lines Stmts  %   Files
----- ----- ---  -----
   61    20 100  4.c
  282     0   0  ..\..\..\..\..\Program Files (x86)\PICC\devices\16F877.h
----- -----
  343    20 Total

Page ROM  %  RAM   Vol Diff  Functions:
---- --- --- ---   --- ----  ----------
0     20  15   1             @delay_ms1
0    107  82  15   770  5.0  main

Program metrics:
    Functions               1
    Statements              20
    Comments                70
    Volume (V)              772
    Difficilty (D)          4.9
    Effort to implement (E) 3797
    Time to implement (T)   4 minutes
    Est Delivered Bugs (B)  0
    Cyclomatic Complexity   2
    Maintainability (MI)    107

 Segment     Used  Free
-----------  ----  ----
00000-00003     4  0  
00004-007FF   127  1917  
00800-00FFF     0  2048  
01000-017FF     0  2048  
01800-01FFF     0  2048  



