
ROM used: 85 (1%)
          85 (1%) including unused fragments

          0 Average locations per line
          4 Average locations per statement

RAM used: 9 (2%) at main() level
          9 (2%) worst case

Stack used: 0 worst case (out of 8 total available)

Lines Stmts  %   Files
----- ----- ---  -----
   48    19 100  3.c
  282     0   0  ..\..\..\..\..\Program Files (x86)\PICC\devices\16F877.h
----- -----
  330    19 Total

Page ROM  %  RAM   Vol Diff  Functions:
---- --- --- ---   --- ----  ----------
0     81  95   3   476  4.3  main

Program metrics:
    Functions               1
    Statements              19
    Comments                68
    Volume (V)              476
    Difficilty (D)          4.3
    Effort to implement (E) 2042
    Time to implement (T)   2 minutes
    Est Delivered Bugs (B)  0
    Cyclomatic Complexity   1
    Maintainability (MI)    101

 Segment     Used  Free
-----------  ----  ----
00000-00003     4  0  
00004-007FF    81  1963  
00800-00FFF     0  2048  
01000-017FF     0  2048  
01800-01FFF     0  2048  



