
ROM used: 1027 (13%)
          1027 (13%) including unused fragments

          2 Average locations per line
          5 Average locations per statement

RAM used: 21 (6%) at main() level
          21 (6%) worst case

Stack used: 1 worst case (out of 8 total available)

Lines Stmts  %   Files
----- ----- ---  -----
  271   211 100  4.c
  282     0   0  ..\..\..\..\..\Program Files (x86)\PICC\devices\16F877.h
----- -----
  553   211 Total

Page ROM  %  RAM   Vol Diff  Functions:
---- --- --- ---   --- ----  ----------
0     20   2   1             @delay_ms1
0   1003  98  14  8649  6.5  main

Program metrics:
    Functions               1
    Statements              211
    Comments                70
    Volume (V)              8652
    Difficilty (D)          6.5
    Effort to implement (E) 55989
    Time to implement (T)   52 minutes
    Est Delivered Bugs (B)  0
    Cyclomatic Complexity   21
    Maintainability (MI)    52

 Segment     Used  Free
-----------  ----  ----
00000-00003     4  0  
00004-007FF  1023  1021  
00800-00FFF     0  2048  
01000-017FF     0  2048  
01800-01FFF     0  2048  



