
ROM used: 433 (5%)
          433 (5%) including unused fragments

          1 Average locations per line
          4 Average locations per statement

RAM used: 16 (4%) at main() level
          16 (4%) worst case

Stack used: 2 worst case (out of 8 total available)

Lines Stmts  %   Files
----- ----- ---  -----
  199   110 100  Servo.c
  282     0   0  ..\..\..\..\..\Program Files (x86)\PICC\devices\16f877.h
----- -----
  481   110 Total

Page ROM  %  RAM   Vol Diff  Functions:
---- --- --- ---   --- ----  ----------
0    313  72   0  3108  4.4  isr_timer1
0     13   3   0    55  2.1  @goto10067
0     14   3   0    55  2.1  serial_isr
0     31   7   0   115  2.5  MAIN

Program metrics:
    Functions               4
    Statements              110
    Comments                105
    Volume (V)              3694
    Difficilty (D)          12.1
    Effort to implement (E) 44693
    Time to implement (T)   41 minutes
    Est Delivered Bugs (B)  0
    Cyclomatic Complexity   28
    Maintainability (MI)    130

 Segment     Used  Free
-----------  ----  ----
00000-00003     4  0  
00004-0003D    58  0  
0003E-007FF   371  1615  
00800-00FFF     0  2048  
01000-017FF     0  2048  
01800-01FFF     0  2048  



