
ROM used: 667 (8%)
          667 (8%) including unused fragments

          1 Average locations per line
          4 Average locations per statement

RAM used: 31 (8%) at main() level
          32 (9%) worst case

Stack used: 4 worst case (out of 8 total available)

Lines Stmts  %   Files
----- ----- ---  -----
  265   172 100  Sumo.c
  282     0   0  ..\..\..\..\Program Files (x86)\PICC\devices\16f877.h
----- -----
  547   172 Total

Page ROM  %  RAM   Vol Diff  Functions:
---- --- --- ---   --- ----  ----------
0     20   3   1             @delay_ms1
0    313  47   0  3108  4.4  isr_timer1
0     13   2   0   138  1.8  @goto10067
0     45   7   0   188  1.8  linia
0     31   5   0   117  1.7  ulls
0    192  29   2  1372  5.4  MAIN

Program metrics:
    Functions               5
    Statements              172
    Comments                131
    Volume (V)              6090
    Difficilty (D)          15.4
    Effort to implement (E) 93898
    Time to implement (T)   1 hours, 27 minutes
    Est Delivered Bugs (B)  1
    Cyclomatic Complexity   35
    Maintainability (MI)    125

 Segment     Used  Free
-----------  ----  ----
00000-00003     4  0  
00004-00034    49  0  
00035-007FF   614  1381  
00800-00FFF     0  2048  
01000-017FF     0  2048  
01800-01FFF     0  2048  



