
ROM used: 125 (2%)
          125 (2%) including unused fragments

          0 Average locations per line
          5 Average locations per statement

RAM used: 8 (2%) at main() level
          9 (2%) worst case

Stack used: 1 worst case (out of 8 total available)

Lines Stmts  %   Files
----- ----- ---  -----
   36    23 100  CFenP.c
  282     0   0  ..\..\..\..\..\Program Files (x86)\PICC\devices\16F877.h
----- -----
  318    23 Total

Page ROM  %  RAM   Vol Diff  Functions:
---- --- --- ---   --- ----  ----------
0     20  16   1             @delay_ms1
0    101  81   2   528  1.9  main

Program metrics:
    Functions               1
    Statements              23
    Comments                68
    Volume (V)              530
    Difficilty (D)          1.9
    Effort to implement (E) 994
    Time to implement (T)   1 minutes
    Est Delivered Bugs (B)  0
    Cyclomatic Complexity   1
    Maintainability (MI)    98

 Segment     Used  Free
-----------  ----  ----
00000-00003     4  0  
00004-007FF   121  1923  
00800-00FFF     0  2048  
01000-017FF     0  2048  
01800-01FFF     0  2048  



