
ROM used: 106 (1%)
          106 (1%) including unused fragments

          0 Average locations per line
          8 Average locations per statement

RAM used: 6 (2%) at main() level
          10 (3%) worst case

Stack used: 2 worst case (out of 8 total available)

Lines Stmts  %   Files
----- ----- ---  -----
   55    13 100  Sensores.c
  282     0   0  ..\..\..\..\..\Program Files (x86)\PICC\devices\16F877.h
----- -----
  337    13 Total

Page ROM  %  RAM   Vol Diff  Functions:
---- --- --- ---   --- ----  ----------
0     20  19   1             @delay_ms1
0     49  46   4   193  2.3  ulls
0     33  31   0    61  1.5  MAIN

Program metrics:
    Functions               2
    Statements              13
    Comments                94
    Volume (V)              307
    Difficilty (D)          3.8
    Effort to implement (E) 1150
    Time to implement (T)   1 minutes
    Est Delivered Bugs (B)  0
    Cyclomatic Complexity   1
    Maintainability (MI)    68

 Segment     Used  Free
-----------  ----  ----
00000-00003     4  0  
00004-007FF   102  1942  
00800-00FFF     0  2048  
01000-017FF     0  2048  
01800-01FFF     0  2048  



