
ROM used: 383 (5%)
          383 (5%) including unused fragments

          1 Average locations per line
          7 Average locations per statement

RAM used: 23 (6%) at main() level
          28 (8%) worst case

Stack used: 3 worst case (out of 8 total available)

Lines Stmts  %   Files
----- ----- ---  -----
  100    56 100  Motores.c
  282     0   0  ..\..\..\..\..\Program Files (x86)\PICC\devices\16f877.h
----- -----
  382    56 Total

Page ROM  %  RAM   Vol Diff  Functions:
---- --- --- ---   --- ----  ----------
0     23   6   0   138  3.8  RTCC_isr
0    152  40   1   966  5.7  serial_isr
0     11   3   0   315  4.6  @const68
0     21   5   3             @DIV88
0     56  15   2             @PRINTF_U_9600_62_63
0     60  16   0   183  2.7  MAIN

Program metrics:
    Functions               4
    Statements              56
    Comments                76
    Volume (V)              2089
    Difficilty (D)          17.0
    Effort to implement (E) 35458
    Time to implement (T)   33 minutes
    Est Delivered Bugs (B)  0
    Cyclomatic Complexity   11
    Maintainability (MI)    118

 Segment     Used  Free
-----------  ----  ----
00000-00003     4  0  
00004-0003B    56  0  
0003C-007FF   323  1665  
00800-00FFF     0  2048  
01000-017FF     0  2048  
01800-01FFF     0  2048  



