
ROM used: 428 (5%)
          428 (5%) including unused fragments

          1 Average locations per line
          5 Average locations per statement

RAM used: 23 (6%) at main() level
          25 (7%) worst case

Stack used: 4 worst case (out of 8 total available)

Lines Stmts  %   Files
----- ----- ---  -----
  161    90 100  RatoncySum.c
  282     0   0  ..\..\..\..\..\Program Files (x86)\PICC\devices\16F877.h
----- -----
  443    90 Total

Page ROM  %  RAM   Vol Diff  Functions:
---- --- --- ---   --- ----  ----------
0     20   5   1             @delay_ms1
0     46  11   0   212  1.8  linia
0     32   7   0   138  1.8  ulls
0     14   3   0    55  2.1  serial_isr
0    200  47   0  1817  6.9  isr_timer1
0     54  13   1   163  2.2  MAIN

Program metrics:
    Functions               5
    Statements              90
    Comments                76
    Volume (V)              2999
    Difficilty (D)          15.1
    Effort to implement (E) 45148
    Time to implement (T)   42 minutes
    Est Delivered Bugs (B)  0
    Cyclomatic Complexity   12
    Maintainability (MI)    78

 Segment     Used  Free
-----------  ----  ----
00000-00003     4  0  
00004-0003D    58  0  
0003E-007FF   366  1620  
00800-00FFF     0  2048  
01000-017FF     0  2048  
01800-01FFF     0  2048  



