
ROM used: 159 (2%)
          159 (2%) including unused fragments

          0 Average locations per line
          7 Average locations per statement

RAM used: 39 (11%) at main() level
          39 (11%) worst case

Stack used: 0 worst case (out of 8 total available)

Lines Stmts  %   Files
----- ----- ---  -----
   66    23 100  Simon.c
  282     0   0  ..\..\..\..\..\Program Files (x86)\PICC\devices\16F877.h
----- -----
  348    23 Total

Page ROM  %  RAM   Vol Diff  Functions:
---- --- --- ---   --- ----  ----------
0    155  97  32  1013  5.4  main

Program metrics:
    Functions               1
    Statements              23
    Comments                68
    Volume (V)              1013
    Difficilty (D)          5.4
    Effort to implement (E) 5494
    Time to implement (T)   5 minutes
    Est Delivered Bugs (B)  0
    Cyclomatic Complexity   5
    Maintainability (MI)    93

 Segment     Used  Free
-----------  ----  ----
00000-00003     4  0  
00004-007FF   155  1889  
00800-00FFF     0  2048  
01000-017FF     0  2048  
01800-01FFF     0  2048  



