CCS PCM C Compiler, Version 4.088, 5967               10-jul-17 11:18

               Filename: C:\Users\Administrator\Desktop\Programs\2\2.lst

               ROM used: 60 words (1%)
                         Largest free fragment is 2048
               RAM used: 9 (2%) at main() level
                         9 (2%) worst case
               Stack:    0 locations

*
0000:  MOVLW  00
0001:  MOVWF  0A
0002:  GOTO   004
0003:  NOP
.................... #include <16F877.h> 
.................... //////// Standard Header file for the PIC16F877 device //////////////// 
.................... #device PIC16F877 
.................... #list 
....................  
.................... #fuses HS,NOWDT,NOPROTECT,NOLVP 
.................... #use delay(clock=4000000) 
....................  
.................... #define DELAY_COUNTER_VALUE    10000 
....................  
.................... void main(void) 
.................... { 
0004:  CLRF   04
0005:  BCF    03.7
0006:  MOVLW  1F
0007:  ANDWF  03,F
0008:  BSF    03.5
0009:  BSF    1F.0
000A:  BSF    1F.1
000B:  BSF    1F.2
000C:  BCF    1F.3
.................... unsigned long m_delay_counter=DELAY_COUNTER_VALUE; 
000D:  MOVLW  10
000E:  BCF    03.5
000F:  MOVWF  21
0010:  MOVLW  27
0011:  MOVWF  22
.................... int1 x=0; 
0012:  BCF    23.0
.................... set_tris_d(0xff); 
0013:  MOVLW  FF
0014:  BSF    03.5
0015:  MOVWF  08
.................... set_tris_b(0x00); 
0016:  MOVLW  00
0017:  MOVWF  06
.................... output_b(0); 
0018:  CLRF   06
0019:  BCF    03.5
001A:  CLRF   06
....................  
.................... while(1) 
.................... { 
....................    x=input(PIN_D5); 
001B:  BSF    03.5
001C:  BSF    08.5
001D:  BCF    03.5
001E:  BCF    23.0
001F:  BTFSC  08.5
0020:  BSF    23.0
....................    output_bit(PIN_B5,x); 
0021:  BTFSC  23.0
0022:  GOTO   025
0023:  BCF    06.5
0024:  GOTO   026
0025:  BSF    06.5
0026:  BSF    03.5
0027:  BCF    06.5
....................     
....................    m_delay_counter--; 
0028:  BCF    03.5
0029:  MOVF   21,W
002A:  BTFSC  03.2
002B:  DECF   22,F
002C:  DECFSZ 21,F
....................     
....................    if (m_delay_counter==0) 
002D:  GOTO   03A
002E:  MOVF   22,F
002F:  BTFSS  03.2
0030:  GOTO   03A
....................       { 
....................          m_delay_counter=DELAY_COUNTER_VALUE; 
0031:  MOVLW  27
0032:  MOVWF  22
0033:  MOVLW  10
0034:  MOVWF  21
....................          output_toggle(PIN_B1); 
0035:  BSF    03.5
0036:  BCF    06.1
0037:  MOVLW  02
0038:  BCF    03.5
0039:  XORWF  06,F
....................       } 
.................... } 
003A:  GOTO   01B
.................... } 
003B:  SLEEP

Configuration Fuses:
   Word  1: 3F72   HS NOWDT PUT NOPROTECT BROWNOUT NOLVP NOCPD NOWRT NODEBUG
